Mar-06 21:33:05.537 [main] DEBUG nextflow.cli.Launcher - $> nextflow run main.nf --INPUT_FOLDER scratch/ --OUTDIR scratch/out/ -work-dir scratch/work/ -with-trace -resume
Mar-06 21:33:05.620 [main] INFO  nextflow.cli.CmdRun - N E X T F L O W  ~  version 20.01.0
Mar-06 21:33:05.627 [main] INFO  nextflow.cli.CmdRun - Launching `main.nf` [hopeful_brenner] - revision: e53cddf55e
Mar-06 21:33:05.637 [main] DEBUG nextflow.config.ConfigBuilder - Found config local: /Users/gerbix/Documents/vikas/SARS-CoV-2-align/nextflow.config
Mar-06 21:33:05.638 [main] DEBUG nextflow.config.ConfigBuilder - Parsing config file: /Users/gerbix/Documents/vikas/SARS-CoV-2-align/nextflow.config
Mar-06 21:33:05.656 [main] DEBUG nextflow.config.ConfigBuilder - Applying config profile: `standard`
Mar-06 21:33:05.939 [main] DEBUG nextflow.Session - Session uuid: 33536666-56e7-4e88-8e69-ba01492eb863
Mar-06 21:33:05.939 [main] DEBUG nextflow.Session - Run name: hopeful_brenner
Mar-06 21:33:05.939 [main] DEBUG nextflow.Session - Executor pool size: 8
Mar-06 21:33:05.980 [main] DEBUG nextflow.cli.CmdRun - 
  Version: 20.01.0 build 5264
  Created: 12-02-2020 10:14 UTC (02:14 PDT)
  System: Mac OS X 10.14.6
  Runtime: Groovy 2.5.8 on Java HotSpot(TM) 64-Bit Server VM 11.0.1+13-LTS
  Encoding: UTF-8 (UTF-8)
  Process: 53487@uw-virongs-vikas.local [140.142.101.178]
  CPUs: 8 - Mem: 40 GB (1.9 GB) - Swap: 9 GB (1.2 GB)
Mar-06 21:33:06.010 [main] DEBUG nextflow.Session - Work-dir: /Users/gerbix/Documents/vikas/SARS-CoV-2-align/scratch/work [Mac OS X]
Mar-06 21:33:06.010 [main] DEBUG nextflow.Session - Script base path does not exist or is not a directory: /Users/gerbix/Documents/vikas/SARS-CoV-2-align/bin
Mar-06 21:33:06.027 [main] DEBUG nextflow.Session - Observer factory: TowerFactory
Mar-06 21:33:06.028 [main] DEBUG nextflow.Session - Observer factory: DefaultObserverFactory
Mar-06 21:33:06.156 [main] DEBUG nextflow.Session - Session start invoked
Mar-06 21:33:06.159 [main] DEBUG nextflow.trace.TraceFileObserver - Flow starting -- trace file: /Users/gerbix/Documents/vikas/SARS-CoV-2-align/trace.txt
Mar-06 21:33:06.342 [main] WARN  nextflow.NextflowMeta$Preview - DSL 2 IS AN EXPERIMENTAL FEATURE UNDER DEVELOPMENT -- SYNTAX MAY CHANGE IN FUTURE RELEASE
Mar-06 21:33:06.346 [main] DEBUG nextflow.script.ScriptRunner - > Launching execution
Mar-06 21:33:06.448 [main] DEBUG nextflow.Session - Workflow process names [dsl2]: Align, Trim
Mar-06 21:33:06.510 [main] DEBUG nextflow.script.ProcessConfig - Config settings `withName:Trim` matches process Trim
Mar-06 21:33:06.514 [main] DEBUG nextflow.executor.ExecutorFactory - << taskConfig executor: null
Mar-06 21:33:06.515 [main] DEBUG nextflow.executor.ExecutorFactory - >> processorType: 'local'
Mar-06 21:33:06.518 [main] DEBUG nextflow.executor.Executor - [warm up] executor > local
Mar-06 21:33:06.522 [main] DEBUG n.processor.LocalPollingMonitor - Creating local task monitor for executor 'local' > cpus=8; memory=40 GB; capacity=8; pollInterval=100ms; dumpInterval=5m
Mar-06 21:33:06.571 [main] DEBUG nextflow.processor.TaskProcessor - Creating operator > Trim -- maxForks: 8; blocking: false
Mar-06 21:33:06.596 [main] DEBUG nextflow.script.ProcessConfig - Config settings `withName:Align` matches process Align
Mar-06 21:33:06.597 [main] DEBUG nextflow.executor.ExecutorFactory - << taskConfig executor: null
Mar-06 21:33:06.597 [main] DEBUG nextflow.executor.ExecutorFactory - >> processorType: 'local'
Mar-06 21:33:06.598 [main] DEBUG nextflow.processor.TaskProcessor - Creating operator > Align -- maxForks: 8; blocking: false
Mar-06 21:33:06.613 [main] DEBUG nextflow.Session - Ignite dataflow network (3)
Mar-06 21:33:06.620 [main] DEBUG nextflow.processor.TaskProcessor - Starting process > Trim
Mar-06 21:33:06.620 [main] DEBUG nextflow.processor.TaskProcessor - Starting process > Align
Mar-06 21:33:06.620 [main] DEBUG nextflow.script.ScriptRunner - > Await termination 
Mar-06 21:33:06.620 [main] DEBUG nextflow.Session - Session await
Mar-06 21:33:06.624 [PathVisitor-1] DEBUG nextflow.file.PathVisitor - files for syntax: glob; folder: scratch/; pattern: *.fastq.gz; options: [:]
Mar-06 21:33:06.788 [Actor Thread 3] INFO  nextflow.processor.TaskProcessor - [91/5a2996] Cached process > Trim (1)
Mar-06 21:33:06.839 [Task submitter] WARN  nextflow.executor.BashWrapperBuilder - Task runtime metrics are not reported when using macOS without a container engine
Mar-06 21:33:06.850 [Task submitter] DEBUG nextflow.executor.LocalTaskHandler - Launch cmd line: /bin/bash -ue .command.run
Mar-06 21:33:06.854 [Task submitter] INFO  nextflow.Session - [65/bbf168] Submitted process > Align (1)
